  BackBuffer.cpp
  Background.cpp
  Box.cpp
  Bullet.cpp
  Button.cpp
  ButtonObject.cpp
  CheckBox.cpp
  Door.cpp
  Entity.cpp
  Game.cpp
  Guard.cpp
  iniParser.cpp
  InputHandler.cpp
  ListBox.cpp
  LogoWindow.cpp
  MenuWindow.cpp
  MiniWindow.cpp
  NoiseSystem.cpp
  Platform.cpp
  Platformer.cpp
  Compiling...
  Player.cpp
  End.cpp
  ScaleBar.cpp
  SoundBuffer.cpp
  SpriteMap.cpp
  TextObject.cpp
  Widget.cpp
  Window.cpp
  winmain.cpp
  Generating code
  Compiler switch has changed, fall back to full compilation.
  All 1580 functions were compiled because no usable IPDB/IOBJ from previous compilation was found.
  Finished generating code
  Platformer.vcxproj -> D:\CorrosiveEngine\TBD-Game\Release\Platformer.exe
