e:\programming\platformer\platformer\release\vc141.pdb
e:\programming\platformer\platformer\release\platformer.obj
e:\programming\platformer\platformer\release\platform.obj
e:\programming\platformer\platformer\release\noisesystem.obj
e:\programming\platformer\platformer\release\miniwindow.obj
e:\programming\platformer\platformer\release\menuwindow.obj
e:\programming\platformer\platformer\release\logowindow.obj
e:\programming\platformer\platformer\release\listbox.obj
e:\programming\platformer\platformer\release\inputhandler.obj
e:\programming\platformer\platformer\release\iniparser.obj
e:\programming\platformer\platformer\release\guard.obj
e:\programming\platformer\platformer\release\game.obj
e:\programming\platformer\platformer\release\entity.obj
e:\programming\platformer\platformer\release\door.obj
e:\programming\platformer\platformer\release\checkbox.obj
e:\programming\platformer\platformer\release\buttonobject.obj
e:\programming\platformer\platformer\release\button.obj
e:\programming\platformer\platformer\release\bullet.obj
e:\programming\platformer\platformer\release\box.obj
e:\programming\platformer\platformer\release\background.obj
e:\programming\platformer\platformer\release\backbuffer.obj
e:\programming\platformer\platformer\release\winmain.obj
e:\programming\platformer\platformer\release\window.obj
e:\programming\platformer\platformer\release\widget.obj
e:\programming\platformer\platformer\release\textobject.obj
e:\programming\platformer\platformer\release\spritemap.obj
e:\programming\platformer\platformer\release\soundbuffer.obj
e:\programming\platformer\platformer\release\scalebar.obj
e:\programming\platformer\platformer\release\end.obj
e:\programming\platformer\platformer\release\player.obj
d:\corrosiveengine\tbd-game\platformer\release\vc142.pdb
d:\corrosiveengine\tbd-game\platformer\release\platformer.obj
d:\corrosiveengine\tbd-game\platformer\release\platform.obj
d:\corrosiveengine\tbd-game\platformer\release\noisesystem.obj
d:\corrosiveengine\tbd-game\platformer\release\miniwindow.obj
d:\corrosiveengine\tbd-game\platformer\release\menuwindow.obj
d:\corrosiveengine\tbd-game\platformer\release\logowindow.obj
d:\corrosiveengine\tbd-game\platformer\release\listbox.obj
d:\corrosiveengine\tbd-game\platformer\release\inputhandler.obj
d:\corrosiveengine\tbd-game\platformer\release\iniparser.obj
d:\corrosiveengine\tbd-game\platformer\release\guard.obj
d:\corrosiveengine\tbd-game\platformer\release\game.obj
d:\corrosiveengine\tbd-game\platformer\release\entity.obj
d:\corrosiveengine\tbd-game\platformer\release\door.obj
d:\corrosiveengine\tbd-game\platformer\release\checkbox.obj
d:\corrosiveengine\tbd-game\platformer\release\buttonobject.obj
d:\corrosiveengine\tbd-game\platformer\release\button.obj
d:\corrosiveengine\tbd-game\platformer\release\bullet.obj
d:\corrosiveengine\tbd-game\platformer\release\box.obj
d:\corrosiveengine\tbd-game\platformer\release\background.obj
d:\corrosiveengine\tbd-game\platformer\release\backbuffer.obj
d:\corrosiveengine\tbd-game\platformer\release\winmain.obj
d:\corrosiveengine\tbd-game\platformer\release\window.obj
d:\corrosiveengine\tbd-game\platformer\release\widget.obj
d:\corrosiveengine\tbd-game\platformer\release\textobject.obj
d:\corrosiveengine\tbd-game\platformer\release\spritemap.obj
d:\corrosiveengine\tbd-game\platformer\release\soundbuffer.obj
d:\corrosiveengine\tbd-game\platformer\release\scalebar.obj
d:\corrosiveengine\tbd-game\platformer\release\end.obj
d:\corrosiveengine\tbd-game\platformer\release\player.obj
d:\corrosiveengine\tbd-game\platformer\release\scenemanager.obj
d:\corrosiveengine\tbd-game\platformer\release\scene.obj
d:\corrosiveengine\tbd-game\platformer\release\renderer.obj
d:\corrosiveengine\tbd-game\platformer\release\logoscene.obj
d:\corrosiveengine\tbd-game\platformer\release\mainmenuscene.obj
e:\programming\platformer\release\platformer.exe
e:\programming\platformer\release\platformer.pdb
d:\corrosiveengine\tbd-game\release\platformer.exe
d:\corrosiveengine\tbd-game\platformer\release\platformer.ipdb
d:\corrosiveengine\tbd-game\platformer\release\platformer.iobj
d:\corrosiveengine\tbd-game\release\platformer.pdb
e:\programming\platformer\release\platformer.ipdb
e:\programming\platformer\release\platformer.iobj
d:\corrosiveengine\tbd-game\release\platformer.ipdb
d:\corrosiveengine\tbd-game\release\platformer.iobj
e:\programming\platformer\platformer\release\platformer.res
d:\corrosiveengine\tbd-game\platformer\release\platformer.res
d:\corrosiveengine\tbd-game\platformer\release\vc141.pdb
d:\corrosiveengine\tbd-game\platformer\release\platformer.tlog\cl.command.1.tlog
d:\corrosiveengine\tbd-game\platformer\release\platformer.tlog\cl.read.1.tlog
d:\corrosiveengine\tbd-game\platformer\release\platformer.tlog\cl.write.1.tlog
d:\corrosiveengine\tbd-game\platformer\release\platformer.tlog\link.command.1.tlog
d:\corrosiveengine\tbd-game\platformer\release\platformer.tlog\link.read.1.tlog
d:\corrosiveengine\tbd-game\platformer\release\platformer.tlog\link.write.1.tlog
d:\corrosiveengine\tbd-game\platformer\release\platformer.tlog\platformer.write.1u.tlog
d:\corrosiveengine\tbd-game\platformer\release\platformer.tlog\rc.command.1.tlog
d:\corrosiveengine\tbd-game\platformer\release\platformer.tlog\rc.read.1.tlog
d:\corrosiveengine\tbd-game\platformer\release\platformer.tlog\rc.write.1.tlog
