e:\programming\platformer\platformer\debug\vc141.pdb
e:\programming\platformer\platformer\debug\vc141.idb
e:\programming\platformer\platformer\debug\platformer.obj
e:\programming\platformer\platformer\debug\platform.obj
e:\programming\platformer\platformer\debug\noisesystem.obj
e:\programming\platformer\platformer\debug\miniwindow.obj
e:\programming\platformer\platformer\debug\menuwindow.obj
e:\programming\platformer\platformer\debug\logowindow.obj
e:\programming\platformer\platformer\debug\listbox.obj
e:\programming\platformer\platformer\debug\inputhandler.obj
e:\programming\platformer\platformer\debug\iniparser.obj
e:\programming\platformer\platformer\debug\guard.obj
e:\programming\platformer\platformer\debug\game.obj
e:\programming\platformer\platformer\debug\entity.obj
e:\programming\platformer\platformer\debug\door.obj
e:\programming\platformer\platformer\debug\checkbox.obj
e:\programming\platformer\platformer\debug\buttonobject.obj
e:\programming\platformer\platformer\debug\button.obj
e:\programming\platformer\platformer\debug\bullet.obj
e:\programming\platformer\platformer\debug\box.obj
e:\programming\platformer\platformer\debug\background.obj
e:\programming\platformer\platformer\debug\backbuffer.obj
e:\programming\platformer\platformer\debug\winmain.obj
e:\programming\platformer\platformer\debug\window.obj
e:\programming\platformer\platformer\debug\widget.obj
e:\programming\platformer\platformer\debug\textobject.obj
e:\programming\platformer\platformer\debug\spritemap.obj
e:\programming\platformer\platformer\debug\soundbuffer.obj
e:\programming\platformer\platformer\debug\scalebar.obj
e:\programming\platformer\platformer\debug\end.obj
e:\programming\platformer\platformer\debug\player.obj
e:\programming\platformer\debug\platformer.ilk
e:\programming\platformer\debug\platformer.exe
e:\programming\platformer\debug\platformer.pdb
e:\programming\platformer\platformer\debug\platformer.res
e:\programming\platformer\platformer\debug\platformer.tlog\cl.command.1.tlog
e:\programming\platformer\platformer\debug\platformer.tlog\cl.read.1.tlog
e:\programming\platformer\platformer\debug\platformer.tlog\cl.write.1.tlog
e:\programming\platformer\platformer\debug\platformer.tlog\link.command.1.tlog
e:\programming\platformer\platformer\debug\platformer.tlog\link.read.1.tlog
e:\programming\platformer\platformer\debug\platformer.tlog\link.write.1.tlog
e:\programming\platformer\platformer\debug\platformer.tlog\rc.command.1.tlog
e:\programming\platformer\platformer\debug\platformer.tlog\rc.read.1.tlog
e:\programming\platformer\platformer\debug\platformer.tlog\rc.write.1.tlog
