d:\corrosiveengine\source - michael jordan\corrosiveengine\debug\vc142.pdb
d:\corrosiveengine\source - michael jordan\corrosiveengine\debug\vc142.idb
d:\corrosiveengine\source - michael jordan\corrosiveengine\debug\modelmesh.obj
d:\corrosiveengine\source - michael jordan\corrosiveengine\debug\lobbyscene.obj
d:\corrosiveengine\source - michael jordan\corrosiveengine\debug\loadscreenscene.obj
d:\corrosiveengine\source - michael jordan\corrosiveengine\debug\lightingsystem.obj
d:\corrosiveengine\source - michael jordan\corrosiveengine\debug\label.obj
d:\corrosiveengine\source - michael jordan\corrosiveengine\debug\iniparser.obj
d:\corrosiveengine\source - michael jordan\corrosiveengine\debug\gamescene.obj
d:\corrosiveengine\source - michael jordan\corrosiveengine\debug\gameoverscene.obj
d:\corrosiveengine\source - michael jordan\corrosiveengine\debug\freecamera.obj
d:\corrosiveengine\source - michael jordan\corrosiveengine\debug\explosion.obj
d:\corrosiveengine\source - michael jordan\corrosiveengine\debug\entitycamera.obj
d:\corrosiveengine\source - michael jordan\corrosiveengine\debug\entity.obj
d:\corrosiveengine\source - michael jordan\corrosiveengine\debug\cubemap.obj
d:\corrosiveengine\source - michael jordan\corrosiveengine\debug\clientsocket.obj
d:\corrosiveengine\source - michael jordan\corrosiveengine\debug\canvas.obj
d:\corrosiveengine\source - michael jordan\corrosiveengine\debug\camera.obj
d:\corrosiveengine\source - michael jordan\corrosiveengine\debug\button.obj
d:\corrosiveengine\source - michael jordan\corrosiveengine\debug\audiomanager.obj
d:\corrosiveengine\source - michael jordan\corrosiveengine\debug\animmesh.obj
d:\corrosiveengine\source - michael jordan\corrosiveengine\debug\widget.obj
d:\corrosiveengine\source - michael jordan\corrosiveengine\debug\textgenerator.obj
d:\corrosiveengine\source - michael jordan\corrosiveengine\debug\textbox.obj
d:\corrosiveengine\source - michael jordan\corrosiveengine\debug\socket.obj
d:\corrosiveengine\source - michael jordan\corrosiveengine\debug\settingsmenuscene.obj
d:\corrosiveengine\source - michael jordan\corrosiveengine\debug\serversocket.obj
d:\corrosiveengine\source - michael jordan\corrosiveengine\debug\mesh.obj
d:\corrosiveengine\source - michael jordan\corrosiveengine\debug\renderer.obj
d:\corrosiveengine\source - michael jordan\corrosiveengine\debug\inputhandler.obj
d:\corrosiveengine\source - michael jordan\corrosiveengine\debug\scalebar.obj
d:\corrosiveengine\source - michael jordan\corrosiveengine\debug\projectile.obj
d:\corrosiveengine\source - michael jordan\corrosiveengine\debug\postalservice.obj
d:\corrosiveengine\source - michael jordan\corrosiveengine\debug\player.obj
d:\corrosiveengine\source - michael jordan\corrosiveengine\debug\networkcontrol.obj
d:\corrosiveengine\source - michael jordan\corrosiveengine\debug\scenemanager.obj
d:\corrosiveengine\source - michael jordan\corrosiveengine\debug\overlayscene.obj
d:\corrosiveengine\source - michael jordan\corrosiveengine\debug\main.obj
d:\corrosiveengine\source - michael jordan\corrosiveengine\debug\mainmenuscene.obj
d:\corrosiveengine\source - michael jordan\corrosiveengine\debug\logmanager.obj
d:\corrosiveengine\source - michael jordan\corrosiveengine\debug\startscene.obj
d:\corrosiveengine\source - michael jordan\corrosiveengine\debug\loadsystem.obj
d:\corrosiveengine\source - michael jordan\corrosiveengine\debug\loadmanager.obj
d:\corrosiveengine\source - michael jordan\corrosiveengine\debug\debugmanager.obj
d:\corrosiveengine\source - michael jordan\corrosiveengine\debug\boxcollider.obj
d:\corrosiveengine\source - michael jordan\corrosiveengine\debug\shader.obj
d:\corrosiveengine\source - michael jordan\corrosiveengine\debug\program.obj
d:\corrosiveengine\source - michael jordan\corrosiveengine\debug\collider.obj
d:\corrosiveengine\source - michael jordan\corrosiveengine\debug\meshentity.obj
d:\corrosiveengine\source - michael jordan\corrosiveengine\debug\component.obj
d:\corrosiveengine\source - michael jordan\corrosiveengine\debug\modelentity.obj
d:\corrosiveengine\source - michael jordan\corrosiveengine\debug\model.obj
d:\corrosiveengine\source - michael jordan\corrosiveengine\debug\threedgamescene.obj
d:\corrosiveengine\tbd-game\source - michael jordan\corrosiveengine\debug\vc142.pdb
d:\corrosiveengine\tbd-game\source - michael jordan\corrosiveengine\debug\vc142.idb
d:\corrosiveengine\tbd-game\source - michael jordan\corrosiveengine\debug\loadscreenscene.obj
d:\corrosiveengine\tbd-game\source - michael jordan\corrosiveengine\debug\lightingsystem.obj
d:\corrosiveengine\tbd-game\source - michael jordan\corrosiveengine\debug\label.obj
d:\corrosiveengine\tbd-game\source - michael jordan\corrosiveengine\debug\iniparser.obj
d:\corrosiveengine\tbd-game\source - michael jordan\corrosiveengine\debug\threedgamescene.obj
d:\corrosiveengine\tbd-game\source - michael jordan\corrosiveengine\debug\gameoverscene.obj
d:\corrosiveengine\tbd-game\source - michael jordan\corrosiveengine\debug\freecamera.obj
d:\corrosiveengine\tbd-game\source - michael jordan\corrosiveengine\debug\explosion.obj
d:\corrosiveengine\tbd-game\source - michael jordan\corrosiveengine\debug\entitycamera.obj
d:\corrosiveengine\tbd-game\source - michael jordan\corrosiveengine\debug\entity.obj
d:\corrosiveengine\tbd-game\source - michael jordan\corrosiveengine\debug\debugmanager.obj
d:\corrosiveengine\tbd-game\source - michael jordan\corrosiveengine\debug\cubemap.obj
d:\corrosiveengine\tbd-game\source - michael jordan\corrosiveengine\debug\component.obj
d:\corrosiveengine\tbd-game\source - michael jordan\corrosiveengine\debug\collider.obj
d:\corrosiveengine\tbd-game\source - michael jordan\corrosiveengine\debug\canvas.obj
d:\corrosiveengine\tbd-game\source - michael jordan\corrosiveengine\debug\camera.obj
d:\corrosiveengine\tbd-game\source - michael jordan\corrosiveengine\debug\button.obj
d:\corrosiveengine\tbd-game\source - michael jordan\corrosiveengine\debug\boxcollider.obj
d:\corrosiveengine\tbd-game\source - michael jordan\corrosiveengine\debug\audiomanager.obj
d:\corrosiveengine\tbd-game\source - michael jordan\corrosiveengine\debug\animmesh.obj
d:\corrosiveengine\tbd-game\source - michael jordan\corrosiveengine\debug\shader.obj
d:\corrosiveengine\tbd-game\source - michael jordan\corrosiveengine\debug\mesh.obj
d:\corrosiveengine\tbd-game\source - michael jordan\corrosiveengine\debug\renderer.obj
d:\corrosiveengine\tbd-game\source - michael jordan\corrosiveengine\debug\main.obj
d:\corrosiveengine\tbd-game\source - michael jordan\corrosiveengine\debug\inputhandler.obj
d:\corrosiveengine\tbd-game\source - michael jordan\corrosiveengine\debug\scalebar.obj
d:\corrosiveengine\tbd-game\source - michael jordan\corrosiveengine\debug\projectile.obj
d:\corrosiveengine\tbd-game\source - michael jordan\corrosiveengine\debug\program.obj
d:\corrosiveengine\tbd-game\source - michael jordan\corrosiveengine\debug\player.obj
d:\corrosiveengine\tbd-game\source - michael jordan\corrosiveengine\debug\overlayscene.obj
d:\corrosiveengine\tbd-game\source - michael jordan\corrosiveengine\debug\modelmesh.obj
d:\corrosiveengine\tbd-game\source - michael jordan\corrosiveengine\debug\modelentity.obj
d:\corrosiveengine\tbd-game\source - michael jordan\corrosiveengine\debug\model.obj
d:\corrosiveengine\tbd-game\source - michael jordan\corrosiveengine\debug\meshentity.obj
d:\corrosiveengine\tbd-game\source - michael jordan\corrosiveengine\debug\mainmenuscene.obj
d:\corrosiveengine\tbd-game\source - michael jordan\corrosiveengine\debug\logmanager.obj
d:\corrosiveengine\tbd-game\source - michael jordan\corrosiveengine\debug\loadmanager.obj
d:\corrosiveengine\tbd-game\source - michael jordan\corrosiveengine\debug\widget.obj
d:\corrosiveengine\tbd-game\source - michael jordan\corrosiveengine\debug\textgenerator.obj
d:\corrosiveengine\tbd-game\source - michael jordan\corrosiveengine\debug\textbox.obj
d:\corrosiveengine\tbd-game\source - michael jordan\corrosiveengine\debug\scenemanager.obj
d:\corrosiveengine\tbd-game\source - michael jordan\corrosiveengine\debug\settingsmenuscene.obj
d:\corrosiveengine\source - michael jordan\debug\corrosiveengine.ilk
d:\corrosiveengine\source - michael jordan\debug\corrosiveengine.exe
d:\corrosiveengine\source - michael jordan\debug\corrosiveengine.pdb
d:\corrosiveengine\tbd-game\source - michael jordan\corrosiveengine\debug\lobbyscene.obj
d:\corrosiveengine\tbd-game\source - michael jordan\corrosiveengine\debug\gamescene.obj
d:\corrosiveengine\tbd-game\source - michael jordan\corrosiveengine\debug\clientsocket.obj
d:\corrosiveengine\tbd-game\source - michael jordan\corrosiveengine\debug\socket.obj
d:\corrosiveengine\tbd-game\source - michael jordan\corrosiveengine\debug\serversocket.obj
d:\corrosiveengine\tbd-game\source - michael jordan\corrosiveengine\debug\postalservice.obj
d:\corrosiveengine\tbd-game\source - michael jordan\corrosiveengine\debug\networkcontrol.obj
d:\corrosiveengine\tbd-game\source - michael jordan\corrosiveengine\debug\startscene.obj
d:\corrosiveengine\tbd-game\source - michael jordan\corrosiveengine\debug\loadsystem.obj
d:\corrosiveengine\tbd-game\source - michael jordan\corrosiveengine\debug\player.obj.enc
d:\corrosiveengine\tbd-game\source - michael jordan\corrosiveengine\debug\gamescene.obj.enc
d:\corrosiveengine\tbd-game\source - michael jordan\corrosiveengine\debug\projectile.obj.enc
d:\corrosiveengine\tbd-game\source - michael jordan\corrosiveengine\debug\renderer.obj.enc
d:\corrosiveengine\tbd-game\source - michael jordan\debug\corrosiveengine.pdb
d:\corrosiveengine\tbd-game\source - michael jordan\debug\corrosiveengine.exe
d:\corrosiveengine\tbd-game\source - michael jordan\debug\corrosiveengine.ilk
d:\corrosiveengine\tbd-game\source - michael jordan\corrosiveengine\debug\corrosiveengine.tlog\cl.read.1.tlog
d:\corrosiveengine\tbd-game\source - michael jordan\corrosiveengine\debug\corrosiveengine.tlog\cl.write.1.tlog
d:\corrosiveengine\tbd-game\source - michael jordan\corrosiveengine\debug\corrosiveengine.tlog\cl.command.1.tlog
d:\corrosiveengine\tbd-game\source - michael jordan\corrosiveengine\debug\corrosiveengine.tlog\link.command.1.tlog
d:\corrosiveengine\tbd-game\source - michael jordan\corrosiveengine\debug\corrosiveengine.tlog\link.read.1.tlog
d:\corrosiveengine\tbd-game\source - michael jordan\corrosiveengine\debug\corrosiveengine.tlog\link.write.1.tlog
